[36mvite v6.4.3 [32mbuilding for production...[36m[39m
transforming...
[32m✓[39m 55 modules transformed.
[33m[esbuild css minify]
▲ [WARNING] "file" is not a known CSS property [unsupported-css-property]

    <stdin>:2:20582:
      2 │ ...(--ease-out)}.\[file\:lines\]{file:lines}.selection\:bg-\[\#FF2D...
        │                                  ~~~~
        ╵                                  flex

  Did you mean "flex" instead?

[39m
rendering chunks...
computing gzip size...
[2mpublic/build/[22m[32mmanifest.json            [39m[1m[2m 0.27 kB[22m[1m[22m[2m │ gzip:  0.15 kB[22m
[2mpublic/build/[22m[35massets/app-B44tHpQb.css  [39m[1m[2m28.56 kB[22m[1m[22m[2m │ gzip:  5.96 kB[22m
[2mpublic/build/[22m[36massets/app-DsbP9Jus.js   [39m[1m[2m43.45 kB[22m[1m[22m[2m │ gzip: 17.01 kB[22m
[32m✓ built in 1.87s[39m
npm notice
npm notice New major version of npm available! 10.9.3 -> 11.16.0
npm notice Changelog: https://github.com/npm/cli/releases/tag/v11.16.0
npm notice To update run: npm install -g npm@11.16.0
npm notice
EXIT CODE: 0
